-------------------------------------------------------------------------------
Test set: com.yoprogramo.portfoliomjca.PortfoliomjcaApplicationTests
-------------------------------------------------------------------------------
Tests run: 1, Failures: 0, Errors: 1, Skipped: 0, Time elapsed: 2.622 s <<< FAILURE! - in com.yoprogramo.portfoliomjca.PortfoliomjcaApplicationTests
com.yoprogramo.portfoliomjca.PortfoliomjcaApplicationTests  Time elapsed: 2.62 s  <<< ERROR!
java.lang.IllegalStateException: Unable to find a @SpringBootConfiguration, you need to use @ContextConfiguration or @SpringBootTest(classes=...) with your test

